<?xml version="1.0"?>
<component name="org.nuxeo.ecm.platform.importer.externalblob.test.contrib">


  <extension target="org.nuxeo.ecm.platform.importer.service.DefaultImporterComponent" point="importerConfiguration">
   <importerConfig sourceNodeClass ="org.nuxeo.ecm.platform.importer.source.FileSourceNode" >
       <documentModelFactory leafType="File" folderishType="Folder" documentModelFactoryClass="org.nuxeo.ecm.platform.importer.externalblob.factories.ExternalBlobDocumentModelFactory" />
   </importerConfig>
  </extension>
  
  <extension point="schema" target="org.nuxeo.ecm.core.schema.TypeService">
    <schema name="externalfile" override="true" prefix="extfile" src="schema/externalfile.xsd"/>
  </extension>

  <extension point="doctype" target="org.nuxeo.ecm.core.schema.TypeService">  
    <facet name="externalfile">
      <schema name="externalfile"/>
    </facet>
      
  </extension>
  
  
  <extension point="BlobHolderFactory" target="org.nuxeo.ecm.core.api.blobholder.BlobHolderAdapterComponent">
    <blobHolderFactory class="org.nuxeo.ecm.platform.importer.externalblob.factories.ExternalBlobHolderFactory" facet="externalfile" name="externalFile"/>
<!--     <blobHolderFactory class="org.nuxeo.ecm.platform.importer.externalblob.factories.ExternalBlobHolderFactory" facet="Picture" name="externalPicture"/> -->
  </extension>
  
  <extension point="ExternalBlobAdapter" target="org.nuxeo.ecm.core.api.blobholder.BlobHolderAdapterComponent">
    <adapter
        class="org.nuxeo.ecm.core.api.externalblob.FileSystemExternalBlobAdapter" prefix="fs">
        <property name="container"></property>
    </adapter>
  </extension>
  
  <extension target="org.nuxeo.ecm.core.event.EventServiceComponent" point="listener">

	<!-- New listeners to handle external file content for main blob -->
    <listener name="multiSourcePictureChangedListener" async="false" postCommit="false"
      class="org.nuxeo.ecm.platform.importer.externalblob.picture.MultiSourcePictureChangedListener" priority="10">
      <event>aboutToCreate</event>
      <event>beforeDocumentModification</event>
    </listener>
    
    <listener name="multiSourcePictureViewsGenerationListener" async="false" postCommit="false"
      class="org.nuxeo.ecm.platform.importer.externalblob.picture.MultiSourcePictureViewsGenerationListener" priority="10">
      <event>documentCreated</event>
      <event>documentModified</event>
    </listener>
    
    <listener name="multiSourceVideoChangedListener" async="false" postCommit="false"
      class="org.nuxeo.ecm.platform.importer.externalblob.video.MultiSourceVideoChangedListener" priority="10">
      <event>documentCreated</event>
      <event>beforeDocumentModification</event>
    </listener>
    
    <!-- Disable standard listeners -->
    <listener name="pictureChangedListener" async="false" postCommit="false" enabled="false"
      class="org.nuxeo.ecm.platform.picture.listener.PictureChangedListener" priority="20">
    </listener>
    <listener name="pictureViewsGenerationListener" async="false" postCommit="false" enabled="false"
      class="org.nuxeo.ecm.platform.picture.listener.PictureViewsGenerationListener" priority="20">
    </listener>  
    <listener name="videoChangedListener" async="false" postCommit="false" enabled="false"
      class="org.nuxeo.ecm.platform.video.listener.VideoChangedListener" priority="20">
    </listener>

  </extension>
  
  
</component>
